<?xml version="1.0" encoding="UTF-8"?>
<testng-results ignored="1" total="12" passed="11" failed="0" skipped="0">
  <reporter-output>
  </reporter-output>
  <suite started-at="2022-11-21T10:38:33 IST" name="Default suite" finished-at="2022-11-21T10:38:33 IST" duration-ms="106">
    <groups>
      <group name="{smoke}">
        <method signature="ClassA.Test7()[pri:0, instance:day1.ClassA@770d3326]" name="Test7" class="day1.ClassA"/>
        <method signature="ClassA.Test8()[pri:0, instance:day1.ClassA@770d3326]" name="Test8" class="day1.ClassA"/>
        <method signature="ClassA.Test9()[pri:0, instance:day1.ClassA@770d3326]" name="Test9" class="day1.ClassA"/>
      </group> <!-- {smoke} -->
    </groups>
    <test started-at="2022-11-21T10:38:33 IST" name="Default test" finished-at="2022-11-21T10:38:33 IST" duration-ms="106">
      <class name="day1.ClassA">
        <test-method signature="Test3()[pri:-1, instance:day1.ClassA@770d3326]" started-at="2022-11-21T10:38:33 IST" name="Test3" finished-at="2022-11-21T10:38:33 IST" duration-ms="11" status="PASS">
          <reporter-output>
          </reporter-output>
        </test-method> <!-- Test3 -->
        <test-method signature="Test2()[pri:0, instance:day1.ClassA@770d3326]" started-at="2022-11-21T10:38:33 IST" name="Test2" finished-at="2022-11-21T10:38:33 IST" duration-ms="2" status="PASS">
          <reporter-output>
          </reporter-output>
        </test-method> <!-- Test2 -->
        <test-method signature="Test5()[pri:0, instance:day1.ClassA@770d3326]" started-at="2022-11-21T10:38:33 IST" name="Test5" finished-at="2022-11-21T10:38:33 IST" duration-ms="2" status="PASS">
          <reporter-output>
          </reporter-output>
        </test-method> <!-- Test5 -->
        <test-method signature="Test6()[pri:0, instance:day1.ClassA@770d3326]" started-at="2022-11-21T10:38:33 IST" name="Test6" finished-at="2022-11-21T10:38:33 IST" depends-on-methods="day1.ClassA.Test5" duration-ms="1" status="PASS">
          <reporter-output>
          </reporter-output>
        </test-method> <!-- Test6 -->
        <test-method signature="Test7()[pri:0, instance:day1.ClassA@770d3326]" started-at="2022-11-21T10:38:33 IST" name="Test7" finished-at="2022-11-21T10:38:33 IST" duration-ms="2" status="PASS">
          <reporter-output>
          </reporter-output>
        </test-method> <!-- Test7 -->
        <test-method signature="Test8()[pri:0, instance:day1.ClassA@770d3326]" started-at="2022-11-21T10:38:33 IST" name="Test8" finished-at="2022-11-21T10:38:33 IST" duration-ms="1" status="PASS">
          <reporter-output>
          </reporter-output>
        </test-method> <!-- Test8 -->
        <test-method signature="Test9()[pri:0, instance:day1.ClassA@770d3326]" started-at="2022-11-21T10:38:33 IST" name="Test9" finished-at="2022-11-21T10:38:33 IST" duration-ms="1" status="PASS">
          <reporter-output>
          </reporter-output>
        </test-method> <!-- Test9 -->
        <test-method signature="getdatatomethod(int,java.lang.String)[pri:0, instance:day1.ClassA@770d3326]" started-at="2022-11-21T10:38:33 IST" name="getdatatomethod" data-provider="getdata" finished-at="2022-11-21T10:38:33 IST" duration-ms="2" status="PASS">
          <params>
            <param index="0">
              <value>
                <![CDATA[1]]>
              </value>
            </param>
            <param index="1">
              <value>
                <![CDATA[sujay]]>
              </value>
            </param>
          </params>
          <reporter-output>
          </reporter-output>
        </test-method> <!-- getdatatomethod -->
        <test-method signature="getdatatomethod(int,java.lang.String)[pri:0, instance:day1.ClassA@770d3326]" started-at="2022-11-21T10:38:33 IST" name="getdatatomethod" data-provider="getdata" finished-at="2022-11-21T10:38:33 IST" duration-ms="1" status="PASS">
          <params>
            <param index="0">
              <value>
                <![CDATA[2]]>
              </value>
            </param>
            <param index="1">
              <value>
                <![CDATA[jay]]>
              </value>
            </param>
          </params>
          <reporter-output>
          </reporter-output>
        </test-method> <!-- getdatatomethod -->
        <test-method signature="getdatatomethod(int,java.lang.String)[pri:0, instance:day1.ClassA@770d3326]" started-at="2022-11-21T10:38:33 IST" name="getdatatomethod" data-provider="getdata" finished-at="2022-11-21T10:38:33 IST" duration-ms="2" status="PASS">
          <params>
            <param index="0">
              <value>
                <![CDATA[3]]>
              </value>
            </param>
            <param index="1">
              <value>
                <![CDATA[suyash]]>
              </value>
            </param>
          </params>
          <reporter-output>
          </reporter-output>
        </test-method> <!-- getdatatomethod -->
        <test-method signature="Test1()[pri:1, instance:day1.ClassA@770d3326]" started-at="2022-11-21T10:38:33 IST" name="Test1" finished-at="2022-11-21T10:38:33 IST" duration-ms="1" status="PASS">
          <reporter-output>
          </reporter-output>
        </test-method> <!-- Test1 -->
      </class> <!-- day1.ClassA -->
    </test> <!-- Default test -->
  </suite> <!-- Default suite -->
</testng-results>
