<?xml version="1.0" encoding="UTF-8"?>
<!-- Generated by org.testng.reporters.JUnitXMLReporter -->
<testsuite ignored="1" hostname="GS-6011" failures="0" tests="11" name="Default test" time="0.106" errors="0" timestamp="2022-11-21T10:38:33 IST">
  <testcase classname="day1.ClassA" name="Test3" time="0.011"/>
  <testcase classname="day1.ClassA" name="Test2" time="0.002"/>
  <testcase classname="day1.ClassA" name="Test5" time="0.002"/>
  <testcase classname="day1.ClassA" name="Test6" time="0.001"/>
  <testcase classname="day1.ClassA" name="Test7" time="0.002"/>
  <testcase classname="day1.ClassA" name="Test8" time="0.001"/>
  <testcase classname="day1.ClassA" name="Test9" time="0.001"/>
  <testcase classname="day1.ClassA" name="getdatatomethod" time="0.002"/>
  <testcase classname="day1.ClassA" name="getdatatomethod" time="0.001"/>
  <testcase classname="day1.ClassA" name="getdatatomethod" time="0.002"/>
  <testcase classname="day1.ClassA" name="Test1" time="0.001"/>
  <testcase classname="day1.ClassA" name="Test4" time="0.0">
    <ignored/>
  </testcase> <!-- Test4 -->
</testsuite> <!-- Default test -->
